<?xml version="1.0" encoding="UTF-8"?>
<!-- Generated by org.testng.reporters.JUnitReportReporter -->
<testsuite hostname="DESKTOP-HJF7N34" failures="0" tests="2" name="com.opencart.testbase.XYZ" time="277.235" errors="0" timestamp="2024-07-02T15:33:30 IST" skipped="0">
  <testcase classname="com.opencart.testbase.XYZ" name="test2" time="207.871"/>
  <system-out/>
  <testcase classname="com.opencart.testbase.XYZ" name="test1" time="69.364"/>
  <system-out/>
</testsuite> <!-- com.opencart.testbase.XYZ -->
