<?xml version="1.0" encoding="UTF-8"?>
<!-- Generated by org.testng.reporters.JUnitReportReporter -->
<testsuite hostname="DESKTOP-HJF7N34" failures="0" tests="2" name="com.opencart.testbase.TestBase" time="98.397" errors="0" timestamp="2024-07-02T14:31:37 IST" skipped="0">
  <testcase classname="com.opencart.testbase.TestBase" name="test1" time="38.919"/>
  <system-out/>
  <testcase classname="com.opencart.testbase.TestBase" name="test2" time="59.478"/>
  <system-out/>
</testsuite> <!-- com.opencart.testbase.TestBase -->
